# Logfile created on 2014-09-29 14:18:27 +0200 by logger.rb/1.2.8
[0;97;49mStarted GET "/" at 2014-09-29 14:21:26 +0200[0m
Detecting locale EN
Found page "Home page" [index]
  Rendered liquid page template
[0;32;49mCompleted 200 OK in 4.0ms

[0m
[0;97;49mStarted GET "/index" at 2014-09-29 14:35:37 +0200[0m
Detecting locale EN
Found page "Home page" [index]
  Rendered liquid page template
[0;32;49mCompleted 200 OK in 2.8ms

[0m
[0;97;49mStarted GET "/404" at 2014-09-29 14:35:41 +0200[0m
Detecting locale EN
Found page "Page not found" [404]
  Rendered liquid page template
[0;32;49mCompleted 200 OK in 3.7ms

[0m
[0;97;49mStarted GET "/efaf" at 2014-09-29 14:35:46 +0200[0m
Detecting locale EN
[0;32;49mCompleted 404 Not Found in 3.0ms

[0m
[0;97;49mStarted GET "/locomotive" at 2014-09-29 14:49:40 +0200[0m
Detecting locale EN
[0;32;49mCompleted 404 Not Found in 3.1ms

[0m
Use the force option in order to force your locale settings.
Use the force option in order to force your locale settings.
[0;31;49m      error => Command failed (/usr/local/bin/identify '/home/dmitry/prj/rails/acme_cms/tmp/uploads/1411998126-5386-3775/favicon.png') with exit status 127
[0m
[0;31;49m      error => Command failed (/usr/local/bin/identify '/home/dmitry/prj/rails/acme_cms/tmp/uploads/1411998162-5386-7867/favicon.png') with exit status 127
[0m
[0;31;49m      error => Command failed (/usr/local/bin/identify '/home/dmitry/prj/rails/acme_cms/tmp/uploads/1411998394-5386-5397/favicon.png') with exit status 127
[0m
[0;31;49m      error => Command failed (/usr/local/bin/identify '/home/dmitry/prj/rails/acme_cms/tmp/uploads/1411998481-5386-2050/favicon.png') with exit status 127
[0m
[0;31;49m      error => Command failed (/usr/local/bin/identify '/home/dmitry/prj/rails/acme_cms/tmp/uploads/1411998505-5386-9489/favicon.png') with exit status 127
[0m
[0;97;49mStarted GET "/" at 2014-09-29 17:02:14 +0200[0m
[0;97;49mStarted GET "/" at 2014-09-29 17:07:56 +0200[0m
[0;97;49mStarted GET "/" at 2014-09-29 17:07:59 +0200[0m
[0;97;49mStarted GET "/" at 2014-09-29 17:08:00 +0200[0m
[0;97;49mStarted GET "/" at 2014-09-29 17:08:01 +0200[0m
[0;97;49mStarted GET "/" at 2014-09-29 17:19:43 +0200[0m
[0;97;49mStarted GET "/" at 2014-09-29 17:19:48 +0200[0m
[0;97;49mStarted GET "/about" at 2014-09-29 17:19:52 +0200[0m
[0;97;49mStarted GET "/ru/about" at 2014-09-29 17:20:01 +0200[0m
[0;97;49mStarted GET "/en/about" at 2014-09-29 17:20:27 +0200[0m
      error => stack level too deep
      error => stack level too deep
      error => stack level too deep
      error => stack level too deep
      error => stack level too deep
      error => stack level too deep
      error => stack level too deep
[0;31;49m      target_klass_name => translation missing: ru.mongoid.errors.models.locomotive/page.attributes.target_klass_name.blank
[0m
[0;31;49m      target_klass_name => translation missing: ru.mongoid.errors.models.locomotive/page.attributes.target_klass_name.blank
[0m
[0;31;49m      target_klass_name => translation missing: ru.mongoid.errors.models.locomotive/page.attributes.target_klass_name.blank
[0m
[0;31;49m      target_klass_name => translation missing: ru.mongoid.errors.models.locomotive/page.attributes.target_klass_name.blank
[0m
Use the force option in order to force your locale settings.
      error => undefined method `map' for nil:NilClass
[0;31;49m      target_klass_name => can't be blank
[0m
Use the force option in order to force your locale settings.
      locales => Предыдущая локаль не может быть удалена.
      locales => Предыдущая локаль не может быть удалена.
      locales => Предыдущая локаль не может быть удалена.
Use the force option in order to force your locale settings.
      locales => Предыдущая локаль не может быть удалена.
